Jun 18 11:27:16 derek rails[67783]: Rendering template within layouts/application
Jun 18 11:27:16 derek rails[67783]: Rendering home/index
Jun 18 11:27:36 derek rails[67783]: Memory usage: 714052 | PID: 67783
Jun 18 11:27:36 derek rails[67783]: Instantiation Breakdown: Total: 469 | Organization: 370 | Tag: 50 | Category: 30 | Forum: 8 | Community: 7 | IpLookup: 1 | CGI::Session::ActiveRecordStore::Session: 1 | FileRecord: 1 | Quote: 1
Jun 18 11:27:36 derek rails[67783]: Completed in 21667ms (View: 19663, DB: 3034) | 200 OK [http://localhost/]
Jun 18 11:27:37 derek rails[67783]: Processing FileRecordsController#inline (for 127.0.0.1 at 2010-06-18 11:27:37) [GET]
Jun 18 11:27:37 derek rails[67783]: Session ID: 8abbd5bce47cfc8bd438c647f5a9e016
Jun 18 11:27:37 derek rails[67783]: Parameters: {"id"=>"5171"}
Jun 18 11:27:37 derek rails[67783]: ::: Checking session expiry
Jun 18 11:27:37 derek rails[67783]: ::: Session has not expired. Reinitialising.
Jun 18 11:27:37 derek rails[67783]: ::: Initializing session expiry. Expires at Fri Jul 02 11:27:37 -0700 2010
Jun 18 11:27:37 derek rails[67783]: Memory usage: 713596 | PID: 67783
Jun 18 11:27:37 derek rails[67783]: Instantiation Breakdown: Total: 3 | CGI::Session::ActiveRecordStore::Session: 1 | IpLookup: 1 | FileRecord: 1
Jun 18 11:27:37 derek rails[67783]: Completed in 207ms (View: 0, DB: 258) | 200 OK [http://localhost/file_records/inline/5171]
Jun 18 11:28:11 derek rails[67783]: Processing InfoController#about (for 127.0.0.1 at 2010-06-18 11:28:11) [GET]
Jun 18 11:28:12 derek rails[67783]: Rendering template within layouts/application
Jun 18 11:28:12 derek rails[67783]: Rendering info/about
Jun 18 11:28:12 derek rails[67783]: Memory usage: 714152 | PID: 67783
Jun 18 11:28:12 derek rails[67783]: Instantiation Breakdown: Total: 3 | IpLookup: 1 | CGI::Session::ActiveRecordStore::Session: 1 | Quote: 1
Jun 18 11:28:12 derek rails[67783]: Completed in 379ms (View: 89, DB: 258) | 200 OK [http://localhost/info/about]
Jun 18 11:28:25 derek rails[67783]: Processing InfoController#strategic-advisory-board (for 127.0.0.1 at 2010-06-18 11:28:25) [GET]
Jun 18 11:28:25 derek rails[67783]: Rendering template within layouts/application
Jun 18 11:28:25 derek rails[67783]: Rendering info/strategic-advisory-board
Jun 18 11:28:25 derek rails[67783]: Memory usage: 714204 | PID: 67783
Jun 18 11:28:25 derek rails[67783]: Instantiation Breakdown: Total: 3 | IpLookup: 1 | CGI::Session::ActiveRecordStore::Session: 1 | Quote: 1
Jun 18 11:28:25 derek rails[67783]: Completed in 191ms (View: 61, DB: 123) | 200 OK [http://localhost/info/strategic-advisory-board]
Jun 18 11:28:31 derek rails[67783]: Processing SearchController#index (for 127.0.0.1 at 2010-06-18 11:28:31) [GET]
Jun 18 11:28:31 derek rails[67783]: Parameters: {"x"=>"0", "y"=>"0", "search_term"=>"cancer"}
Jun 18 11:28:31 derek rails[67783]: SPHINX SEARCH OPTIONS: {:per_page=>20, :with_any=>{}, :term=>"cancer", :with=>{}, :with_all=>{}, :page=>nil, :conditions=>{:status=>"Published"}, :order=>"published_at DESC"}
Jun 18 11:28:31 derek rails[67783]: ThinkingSphinx::ConnectionError (Connection to Sphinx Daemon (searchd) failed.):    /vendor/plugins/thinking_sphinx_old/lib/thinking_sphinx/search.rb:236:in `populate'    /vendor/plugins/thinking_sphinx_old/lib/thinking_sphinx/search.rb:310:in `call'    /vendor/plugins/thinking_sphinx_old/lib/thinking_sphinx/search.rb:310:in `retry_on_stale_index'    /vendor/plugins/thinking_sphinx_old/lib/thinking_sphinx/search.rb:231:in `populate'    /vendor/plugins/thinking_sphinx_old/lib/thinking_sphinx/search.rb:85:in `results'    /lib/innovation_sphinx.rb:17:in `add_from_results'    /vendor/plugins/thinking_sphinx_old/lib/thinking_sphinx/facet_search.rb:47:in `populate'    /vendor/plugins/thinking_sphinx_old/lib/thinking_sphinx/facet_search.rb:45:in `each'    /vendor/plugins/thinking_sphinx_old/lib/thinking_sphinx/facet_search.rb:45:in `populate'    /vendor/plugins/thinking_sphinx_old/lib/thinking_sphinx/facet_search.rb:11:in `initialize'    /vendor/plugins/thinking_sphinx_old/lib/thinking_sphinx/search_methods.rb:404:in `new'    /vendor/plugins/thinking_sphinx_old/lib/thinking_sphinx/search_methods.rb:404:in `facets'    /lib/innovation_sphinx.rb:143:in `filters'    /app/controllers/application.rb:256:in `set_filters'    /app/controllers/search_controller.rb:51:in `index'    /vendor/rails/actionpack/lib/action_controller/base.rb:1256:in `send'    /vendor/rails/actionpack/lib/action_controller/base.rb:1256:in `perform_action_without_filters'    /vendor/rails/actionpack/lib/action_controller/filters.rb:617:in `call_filters'    /vendor/rails/actionpack/lib/action_controller/filters.rb:610:in `perform_action_without_benchmark'    /vendor/rails/actionpack/lib/action_controller/benchmarking.rb:68:in `perform_action_without_rescue'    /usr/local/lib/ruby/site_ruby/benchmark.rb:300:in `measure'    /vendor/rails/actionpack/lib/action_controller/benchmarking.rb:68:in `perform_action_without_rescue'    /vendor/rails/actionpack/lib/action_controller/rescue.rb:136:in `perform_action_without_caching'    /vendor/rails/actionpack/lib/action_controller/caching/sql_cache.rb:13:in `perform_action_without_newrelic_trace'    /vendor/rails/activerecord/lib/active_record/connection_adapters/abstract/query_cache.rb:34:in `cache'    /vendor/rails/activerecord/lib/active_record/query_cache.rb:8:in `cache'    /vendor/rails/actionpack/lib/action_controller/caching/sql_cache.rb:12:in `perform_action_without_newrelic_trace'    /usr/local/lib/ruby/gems/1.8/gems/newrelic_rpm-2.11.3/lib/new_relic/agent/instrumentation/controller_instrumentation.rb:253:in `perform_action'    /usr/local/lib/ruby/gems/1.8/gems/newrelic_rpm-2.11.3/lib/new_relic/agent/method_tracer.rb:141:in `trace_execution_scoped'    /usr/local/lib/ruby/gems/1.8/gems/newrelic_rpm-2.11.3/lib/new_relic/agent/instrumentation/controller_instrumentation.rb:246:in `perform_action'    /vendor/rails/actionpack/lib/action_controller/base.rb:524:in `send'    /vendor/rails/actionpack/lib/action_controller/base.rb:524:in `process_without_filters'    /vendor/rails/actionpack/lib/action_controller/filters.rb:606:in `process_without_session_management_support'    /vendor/rails/actionpack/lib/action_controller/session_management.rb:134:in `process'    /vendor/rails/actionpack/lib/action_controller/base.rb:392:in `process'    /vendor/rails/actionpack/lib/action_controller/dispatcher.rb:184:in `handle_request'    /vendor/rails/actionpack/lib/action_controller/dispatcher.rb:112:in `dispatch_unlocked'    /vendor/rails/actionpack/lib/action_controller/dispatcher.rb:125:in `dispatch'    /vendor/rails/actionpack/lib/action_controller/dispatcher.rb:124:in `synchronize'    /vendor/rails/actionpack/lib/action_controller/dispatcher.rb:124:in `dispatch'    /vendor/rails/actionpack/lib/action_controller/dispatcher.rb:134:in `dispatch_cgi'    /vendor/rails/actionpack/lib/action_controller/dispatcher.rb:41:in `dispatch'    /usr/local/lib/ruby/gems/1.8/gems/mongrel-1.1.4/bin/../lib/mongrel/rails.rb:76:in `process'    /usr/local/lib/ruby/gems/1.8/gems/mongrel-1.1.4/bin/../lib/mongrel/rails.rb:74:in `synchronize'    /usr/local/lib/ruby/gems/1.8/gems/mongrel-1.1.4/bin/../lib/mongrel/rails.rb:74:in `process'    /usr/local/lib/ruby/gems/1.8/gems/mongrel-1.1.4/lib/mongrel.rb:159:in `process_client'    /usr/local/lib/ruby/gems/1.8/gems/mongrel-1.1.4/lib/mongrel.rb:158:in `each'    /usr/local/lib/ruby/gems/1.8/gems/mongrel-1.1.4/lib/mongrel.rb:158:in `process_client'    /usr/local/lib/ruby/gems/1.8/gems/mongrel-1.1.4/lib/mongrel.rb:285:in `run'    /usr/local/lib/ruby/gems/1.8/gems/mongrel-1.1.4/lib/mongrel.rb:285:in `initialize'    /usr/local/lib/ruby/gems/1.8/gems/mongrel-1.1.4/lib/mongrel.rb:285:in `new'    /usr/local/lib/ruby/gems/1.8/gems/mongrel-1.1.4/lib/mongrel.rb:285:in `run'    /usr/local/lib/ruby/gems/1.8/gems/mongrel-1.1.4/lib/mongrel.rb:268:in `initialize'    /usr/local/lib/ruby/gems/1.8/gems/mongrel-1.1.4/lib/mongrel.rb:268:in `new'    /usr/local/lib/ruby/gems/1.8/gems/mongrel-1.1.4/lib/mongrel.rb:268:in `run'    /usr/local/lib/ruby/gems/1.8/gems/mongrel-1.1.4/lib/mongrel/configurator.rb:282:in `run'    /usr/local/lib/ruby/gems/1.8/gems/mongrel-1.1.4/lib/mongrel/configurator.rb:281:in `each'    /usr/local/lib/ruby/gems/1.8/gems/mongrel-1.1.4/lib/mongrel/configurator.rb:281:in `run'    /usr/local/lib/ruby/gems/1.8/gems/mongrel-1.1.4/bin/mongrel_rails:128:in `run'    /usr/local/lib/ruby/gems/1.8/gems/mongrel-1.1.4/lib/mongrel/command.rb:212:in `run'    /usr/local/lib/ruby/gems/1.8/gems/mongrel-1.1.4/bin/mongrel_rails:281    /vendor/rails/activesupport/lib/active_support/dependencies.rb:142:in `load_without_new_constant_marking'    /vendor/rails/activesupport/lib/active_support/dependencies.rb:142:in `load'    /vendor/rails/activesupport/lib/active_support/dependencies.rb:521:in `new_constants_in'    /vendor/rails/activesupport/lib/active_support/dependencies.rb:142:in `load'    /vendor/rails/railties/lib/commands/servers/mongrel.rb:64    /usr/local/lib/ruby/site_ruby/1.8/rubygems/custom_require.rb:31:in `gem_original_require'    /usr/local/lib/ruby/site_ruby/1.8/rubygems/custom_require.rb:31:in `require'    /vendor/rails/activesupport/lib/active_support/dependencies.rb:153:in `require'    /vendor/rails/activesupport/lib/active_support/dependencies.rb:521:in `new_constants_in'    /vendor/rails/activesupport/lib/active_support/dependencies.rb:153:in `require'    /vendor/rails/railties/lib/commands/server.rb:49    /usr/local/lib/ruby/site_ruby/1.8/rubygems/custom_require.rb:31:in `gem_original_require'    /usr/local/lib/ruby/site_ruby/1.8/rubygems/custom_require.rb:31:in `require'    script/server:3
Jun 18 11:28:31 derek rails[67783]: Rendering /Users/itsderek23/Projects/ibridge/vendor/rails/actionpack/lib/action_controller/templates/rescues/layout.erb (internal_server_error)
Jun 18 11:30:49 derek rails[67783]: Processing SearchController#index (for 127.0.0.1 at 2010-06-18 11:30:49) [GET]
Jun 18 11:30:49 derek rails[67783]: Session ID: 8abbd5bce47cfc8bd438c647f5a9e016
Jun 18 11:30:49 derek rails[67783]: Parameters: {"x"=>"0", "y"=>"0", "search_term"=>"cancer"}
Jun 18 11:30:49 derek rails[67783]: SPHINX SEARCH OPTIONS: {:per_page=>20, :with_any=>{}, :term=>"cancer", :with=>{}, :with_all=>{}, :page=>nil, :conditions=>{:status=>"Published"}, :order=>"published_at DESC"}
Jun 18 11:30:49 derek rails[67783]: Search time: 0.000117s
Jun 18 11:30:49 derek rails[67783]: SEARCH ERROR / Fri Jun 18 11:30:49 -0700 2010: Connection to Sphinx Daemon (searchd) failed.
Jun 18 11:30:49 derek rails[67783]: ThinkingSphinx::ConnectionError (Connection to Sphinx Daemon (searchd) failed.):    /vendor/plugins/thinking_sphinx_old/lib/thinking_sphinx/search.rb:236:in `populate'    /vendor/plugins/thinking_sphinx_old/lib/thinking_sphinx/search.rb:310:in `call'    /vendor/plugins/thinking_sphinx_old/lib/thinking_sphinx/search.rb:310:in `retry_on_stale_index'    /vendor/plugins/thinking_sphinx_old/lib/thinking_sphinx/search.rb:231:in `populate'    /vendor/plugins/thinking_sphinx_old/lib/thinking_sphinx/search.rb:85:in `results'    /lib/innovation_sphinx.rb:17:in `add_from_results'    /vendor/plugins/thinking_sphinx_old/lib/thinking_sphinx/facet_search.rb:47:in `populate'    /vendor/plugins/thinking_sphinx_old/lib/thinking_sphinx/facet_search.rb:45:in `each'    /vendor/plugins/thinking_sphinx_old/lib/thinking_sphinx/facet_search.rb:45:in `populate'    /vendor/plugins/thinking_sphinx_old/lib/thinking_sphinx/facet_search.rb:11:in `initialize'    /vendor/plugins/thinking_sphinx_old/lib/thinking_sphinx/search_methods.rb:404:in `new'    /vendor/plugins/thinking_sphinx_old/lib/thinking_sphinx/search_methods.rb:404:in `facets'    /lib/innovation_sphinx.rb:143:in `filters'    /app/controllers/application.rb:256:in `set_filters'    /app/controllers/search_controller.rb:51:in `index'    /vendor/rails/actionpack/lib/action_controller/base.rb:1256:in `send'    /vendor/rails/actionpack/lib/action_controller/base.rb:1256:in `perform_action_without_filters'    /vendor/rails/actionpack/lib/action_controller/filters.rb:617:in `call_filters'    /vendor/rails/actionpack/lib/action_controller/filters.rb:610:in `perform_action_without_benchmark'    /vendor/rails/actionpack/lib/action_controller/benchmarking.rb:68:in `perform_action_without_rescue'    /usr/local/lib/ruby/site_ruby/benchmark.rb:300:in `measure'    /vendor/rails/actionpack/lib/action_controller/benchmarking.rb:68:in `perform_action_without_rescue'    /vendor/rails/actionpack/lib/action_controller/rescue.rb:136:in `perform_action_without_caching'    /vendor/rails/actionpack/lib/action_controller/caching/sql_cache.rb:13:in `perform_action_without_newrelic_trace'    /vendor/rails/activerecord/lib/active_record/connection_adapters/abstract/query_cache.rb:34:in `cache'    /vendor/rails/activerecord/lib/active_record/query_cache.rb:8:in `cache'    /vendor/rails/actionpack/lib/action_controller/caching/sql_cache.rb:12:in `perform_action_without_newrelic_trace'    /usr/local/lib/ruby/gems/1.8/gems/newrelic_rpm-2.11.3/lib/new_relic/agent/instrumentation/controller_instrumentation.rb:253:in `perform_action'    /usr/local/lib/ruby/gems/1.8/gems/newrelic_rpm-2.11.3/lib/new_relic/agent/method_tracer.rb:141:in `trace_execution_scoped'    /usr/local/lib/ruby/gems/1.8/gems/newrelic_rpm-2.11.3/lib/new_relic/agent/instrumentation/controller_instrumentation.rb:246:in `perform_action'    /vendor/rails/actionpack/lib/action_controller/base.rb:524:in `send'    /vendor/rails/actionpack/lib/action_controller/base.rb:524:in `process_without_filters'    /vendor/rails/actionpack/lib/action_controller/filters.rb:606:in `process_without_session_management_support'    /vendor/rails/actionpack/lib/action_controller/session_management.rb:134:in `process'    /vendor/rails/actionpack/lib/action_controller/base.rb:392:in `process'    /vendor/rails/actionpack/lib/action_controller/dispatcher.rb:184:in `handle_request'    /vendor/rails/actionpack/lib/action_controller/dispatcher.rb:112:in `dispatch_unlocked'    /vendor/rails/actionpack/lib/action_controller/dispatcher.rb:125:in `dispatch'    /vendor/rails/actionpack/lib/action_controller/dispatcher.rb:124:in `synchronize'    /vendor/rails/actionpack/lib/action_controller/dispatcher.rb:124:in `dispatch'    /vendor/rails/actionpack/lib/action_controller/dispatcher.rb:134:in `dispatch_cgi'    /vendor/rails/actionpack/lib/action_controller/dispatcher.rb:41:in `dispatch'    /usr/local/lib/ruby/gems/1.8/gems/mongrel-1.1.4/bin/../lib/mongrel/rails.rb:76:in `process'    /usr/local/lib/ruby/gems/1.8/gems/mongrel-1.1.4/bin/../lib/mongrel/rails.rb:74:in `synchronize'    /usr/local/lib/ruby/gems/1.8/gems/mongrel-1.1.4/bin/../lib/mongrel/rails.rb:74:in `process'    /usr/local/lib/ruby/gems/1.8/gems/mongrel-1.1.4/lib/mongrel.rb:159:in `process_client'    /usr/local/lib/ruby/gems/1.8/gems/mongrel-1.1.4/lib/mongrel.rb:158:in `each'    /usr/local/lib/ruby/gems/1.8/gems/mongrel-1.1.4/lib/mongrel.rb:158:in `process_client'    /usr/local/lib/ruby/gems/1.8/gems/mongrel-1.1.4/lib/mongrel.rb:285:in `run'    /usr/local/lib/ruby/gems/1.8/gems/mongrel-1.1.4/lib/mongrel.rb:285:in `initialize'    /usr/local/lib/ruby/gems/1.8/gems/mongrel-1.1.4/lib/mongrel.rb:285:in `new'    /usr/local/lib/ruby/gems/1.8/gems/mongrel-1.1.4/lib/mongrel.rb:285:in `run'    /usr/local/lib/ruby/gems/1.8/gems/mongrel-1.1.4/lib/mongrel.rb:268:in `initialize'    /usr/local/lib/ruby/gems/1.8/gems/mongrel-1.1.4/lib/mongrel.rb:268:in `new'    /usr/local/lib/ruby/gems/1.8/gems/mongrel-1.1.4/lib/mongrel.rb:268:in `run'    /usr/local/lib/ruby/gems/1.8/gems/mongrel-1.1.4/lib/mongrel/configurator.rb:282:in `run'    /usr/local/lib/ruby/gems/1.8/gems/mongrel-1.1.4/lib/mongrel/configurator.rb:281:in `each'    /usr/local/lib/ruby/gems/1.8/gems/mongrel-1.1.4/lib/mongrel/configurator.rb:281:in `run'    /usr/local/lib/ruby/gems/1.8/gems/mongrel-1.1.4/bin/mongrel_rails:128:in `run'    /usr/local/lib/ruby/gems/1.8/gems/mongrel-1.1.4/lib/mongrel/command.rb:212:in `run'    /usr/local/lib/ruby/gems/1.8/gems/mongrel-1.1.4/bin/mongrel_rails:281    /vendor/rails/activesupport/lib/active_support/dependencies.rb:142:in `load_without_new_constant_marking'    /vendor/rails/activesupport/lib/active_support/dependencies.rb:142:in `load'    /vendor/rails/activesupport/lib/active_support/dependencies.rb:521:in `new_constants_in'    /vendor/rails/activesupport/lib/active_support/dependencies.rb:142:in `load'    /vendor/rails/railties/lib/commands/servers/mongrel.rb:64    /usr/local/lib/ruby/site_ruby/1.8/rubygems/custom_require.rb:31:in `gem_original_require'    /usr/local/lib/ruby/site_ruby/1.8/rubygems/custom_require.rb:31:in `require'    /vendor/rails/activesupport/lib/active_support/dependencies.rb:153:in `require'    /vendor/rails/activesupport/lib/active_support/dependencies.rb:521:in `new_constants_in'    /vendor/rails/activesupport/lib/active_support/dependencies.rb:153:in `require'    /vendor/rails/railties/lib/commands/server.rb:49    /usr/local/lib/ruby/site_ruby/1.8/rubygems/custom_require.rb:31:in `gem_original_require'    /usr/local/lib/ruby/site_ruby/1.8/rubygems/custom_require.rb:31:in `require'    script/server:3
Jun 18 11:30:50 derek rails[67783]: Rendering /Users/itsderek23/Projects/ibridge/vendor/rails/actionpack/lib/action_controller/templates/rescues/layout.erb (internal_server_error)
Jun 18 11:31:19 derek rails[67783]: Processing InnovationsController#innovation_param (for 127.0.0.1 at 2010-06-18 11:31:19) [GET]
Jun 18 11:31:19 derek rails[67783]: Session ID: 8abbd5bce47cfc8bd438c647f5a9e016
Jun 18 11:31:19 derek rails[67783]: Parameters: {"organization_param"=>"harvard", "innovation_param"=>"potent-ogt-inhibitors-for-the-treatment-of-cancer-and-diabeti"}
Jun 18 11:31:19 derek rails[67783]: ::: Checking session expiry
Jun 18 11:31:19 derek rails[67783]: ::: Session has not expired. Reinitialising.
Jun 18 11:31:19 derek rails[67783]: ::: Initializing session expiry. Expires at Fri Jul 02 11:31:19 -0700 2010
Jun 18 11:31:19 derek rails[67783]: SSL Required: false
Jun 18 11:31:23 derek rails[67783]: Rendering template within layouts/application
Jun 18 11:31:23 derek rails[67783]: Rendering innovations/show
Jun 18 11:31:31 derek rails[67783]: Memory usage: 714444 | PID: 67783
Jun 18 11:31:31 derek rails[67783]: Instantiation Breakdown: Total: 15 | CGI::Session::ActiveRecordStore::Session: 3 | Innovation: 3 | IpLookup: 3 | Organization: 2 | OrganizationInvite: 1 | User: 1 | Category: 1 | Quote: 1
Jun 18 11:31:31 derek rails[67783]: Completed in 11922ms (View: 200, DB: 11673) | 200 OK [http://localhost/harvard/potent-ogt-inhibitors-for-the-treatment-of-cancer-and-diabeti]
Jun 18 11:31:32 derek rails[67783]: Processing InnovationsController#record_visit (for 127.0.0.1 at 2010-06-18 11:31:32) [POST]
Jun 18 11:31:32 derek rails[67783]: Session ID: 8abbd5bce47cfc8bd438c647f5a9e016
Jun 18 11:31:32 derek rails[67783]: Parameters: {"type"=>"detail", "id"=>"20908"}
Jun 18 11:31:32 derek rails[67783]: ::: Checking session expiry
Jun 18 11:31:32 derek rails[67783]: ::: Session has not expired. Reinitialising.
Jun 18 11:31:32 derek rails[67783]: ::: Initializing session expiry. Expires at Fri Jul 02 11:31:32 -0700 2010
Jun 18 11:31:32 derek rails[67783]: SSL Required: false
Jun 18 11:31:32 derek rails[67783]: Memory usage: 714084 | PID: 67783
Jun 18 11:31:32 derek rails[67783]: Instantiation Breakdown: Total: 5 | IpLookup: 1 | Innovation: 1 | Organization: 1 | CGI::Session::ActiveRecordStore::Session: 1 | Visit: 1
Jun 18 11:31:32 derek rails[67783]: Completed in 586ms (View: 0, DB: 524) | 200 OK [http://localhost/innovations/record_visit]
Jun 18 11:31:36 derek rails[67783]: Processing BrowseController#organization_param (for 127.0.0.1 at 2010-06-18 11:31:36) [GET]
Jun 18 11:31:36 derek rails[67783]: Session ID: 8abbd5bce47cfc8bd438c647f5a9e016
Jun 18 11:31:36 derek rails[67783]: Parameters: {"organization_param"=>"harvard"}
Jun 18 11:31:36 derek rails[67783]: ::: Checking session expiry
Jun 18 11:31:36 derek rails[67783]: ::: Session has not expired. Reinitialising.
Jun 18 11:31:36 derek rails[67783]: ::: Initializing session expiry. Expires at Fri Jul 02 11:31:36 -0700 2010
Jun 18 11:31:36 derek rails[67783]: SSL Required: false
Jun 18 11:31:36 derek rails[67783]: SPHINX SEARCH OPTIONS: {:per_page=>10, :with_any=>{}, :term=>nil, :with=>{:organization_ids=>[121]}, :with_all=>{}, :page=>nil, :conditions=>{:status=>"Published"}, :order=>"published_at DESC"}
Jun 18 11:31:36 derek rails[67783]: Search time: 0.000116s
Jun 18 11:31:36 derek rails[67783]: ThinkingSphinx::ConnectionError (Connection to Sphinx Daemon (searchd) failed.):    /vendor/plugins/thinking_sphinx_old/lib/thinking_sphinx/search.rb:236:in `populate'    /vendor/plugins/thinking_sphinx_old/lib/thinking_sphinx/search.rb:310:in `call'    /vendor/plugins/thinking_sphinx_old/lib/thinking_sphinx/search.rb:310:in `retry_on_stale_index'    /vendor/plugins/thinking_sphinx_old/lib/thinking_sphinx/search.rb:231:in `populate'    /vendor/plugins/thinking_sphinx_old/lib/thinking_sphinx/search.rb:85:in `results'    /lib/innovation_sphinx.rb:17:in `add_from_results'    /vendor/plugins/thinking_sphinx_old/lib/thinking_sphinx/facet_search.rb:47:in `populate'    /vendor/plugins/thinking_sphinx_old/lib/thinking_sphinx/facet_search.rb:45:in `each'    /vendor/plugins/thinking_sphinx_old/lib/thinking_sphinx/facet_search.rb:45:in `populate'    /vendor/plugins/thinking_sphinx_old/lib/thinking_sphinx/facet_search.rb:11:in `initialize'    /vendor/plugins/thinking_sphinx_old/lib/thinking_sphinx/search_methods.rb:404:in `new'    /vendor/plugins/thinking_sphinx_old/lib/thinking_sphinx/search_methods.rb:404:in `facets'    /lib/innovation_sphinx.rb:143:in `filters'    /app/controllers/application.rb:256:in `set_filters'    /app/controllers/browse_controller.rb:38:in `get_org_filters'    /app/controllers/browse_controller.rb:11:in `organization_param'    /vendor/rails/actionpack/lib/action_controller/base.rb:1256:in `send'    /vendor/rails/actionpack/lib/action_controller/base.rb:1256:in `perform_action_without_filters'    /vendor/rails/actionpack/lib/action_controller/filters.rb:617:in `call_filters'    /vendor/rails/actionpack/lib/action_controller/filters.rb:610:in `perform_action_without_benchmark'    /vendor/rails/actionpack/lib/action_controller/benchmarking.rb:68:in `perform_action_without_rescue'    /usr/local/lib/ruby/site_ruby/benchmark.rb:300:in `measure'    /vendor/rails/actionpack/lib/action_controller/benchmarking.rb:68:in `perform_action_without_rescue'    /vendor/rails/actionpack/lib/action_controller/rescue.rb:136:in `perform_action_without_caching'    /vendor/rails/actionpack/lib/action_controller/caching/sql_cache.rb:13:in `perform_action_without_newrelic_trace'    /vendor/rails/activerecord/lib/active_record/connection_adapters/abstract/query_cache.rb:34:in `cache'    /vendor/rails/activerecord/lib/active_record/query_cache.rb:8:in `cache'    /vendor/rails/actionpack/lib/action_controller/caching/sql_cache.rb:12:in `perform_action_without_newrelic_trace'    /usr/local/lib/ruby/gems/1.8/gems/newrelic_rpm-2.11.3/lib/new_relic/agent/instrumentation/controller_instrumentation.rb:253:in `perform_action'    /usr/local/lib/ruby/gems/1.8/gems/newrelic_rpm-2.11.3/lib/new_relic/agent/method_tracer.rb:141:in `trace_execution_scoped'    /usr/local/lib/ruby/gems/1.8/gems/newrelic_rpm-2.11.3/lib/new_relic/agent/instrumentation/controller_instrumentation.rb:246:in `perform_action'    /vendor/rails/actionpack/lib/action_controller/base.rb:524:in `send'    /vendor/rails/actionpack/lib/action_controller/base.rb:524:in `process_without_filters'    /vendor/rails/actionpack/lib/action_controller/filters.rb:606:in `process_without_session_management_support'    /vendor/rails/actionpack/lib/action_controller/session_management.rb:134:in `process'    /vendor/rails/actionpack/lib/action_controller/base.rb:392:in `process'    /vendor/rails/actionpack/lib/action_controller/dispatcher.rb:184:in `handle_request'    /vendor/rails/actionpack/lib/action_controller/dispatcher.rb:112:in `dispatch_unlocked'    /vendor/rails/actionpack/lib/action_controller/dispatcher.rb:125:in `dispatch'    /vendor/rails/actionpack/lib/action_controller/dispatcher.rb:124:in `synchronize'    /vendor/rails/actionpack/lib/action_controller/dispatcher.rb:124:in `dispatch'    /vendor/rails/actionpack/lib/action_controller/dispatcher.rb:134:in `dispatch_cgi'    /vendor/rails/actionpack/lib/action_controller/dispatcher.rb:41:in `dispatch'    /usr/local/lib/ruby/gems/1.8/gems/mongrel-1.1.4/bin/../lib/mongrel/rails.rb:76:in `process'    /usr/local/lib/ruby/gems/1.8/gems/mongrel-1.1.4/bin/../lib/mongrel/rails.rb:74:in `synchronize'    /usr/local/lib/ruby/gems/1.8/gems/mongrel-1.1.4/bin/../lib/mongrel/rails.rb:74:in `process'    /usr/local/lib/ruby/gems/1.8/gems/mongrel-1.1.4/lib/mongrel.rb:159:in `process_client'    /usr/local/lib/ruby/gems/1.8/gems/mongrel-1.1.4/lib/mongrel.rb:158:in `each'    /usr/local/lib/ruby/gems/1.8/gems/mongrel-1.1.4/lib/mongrel.rb:158:in `process_client'    /usr/local/lib/ruby/gems/1.8/gems/mongrel-1.1.4/lib/mongrel.rb:285:in `run'    /usr/local/lib/ruby/gems/1.8/gems/mongrel-1.1.4/lib/mongrel.rb:285:in `initialize'    /usr/local/lib/ruby/gems/1.8/gems/mongrel-1.1.4/lib/mongrel.rb:285:in `new'    /usr/local/lib/ruby/gems/1.8/gems/mongrel-1.1.4/lib/mongrel.rb:285:in `run'    /usr/local/lib/ruby/gems/1.8/gems/mongrel-1.1.4/lib/mongrel.rb:268:in `initialize'    /usr/local/lib/ruby/gems/1.8/gems/mongrel-1.1.4/lib/mongrel.rb:268:in `new'    /usr/local/lib/ruby/gems/1.8/gems/mongrel-1.1.4/lib/mongrel.rb:268:in `run'    /usr/local/lib/ruby/gems/1.8/gems/mongrel-1.1.4/lib/mongrel/configurator.rb:282:in `run'    /usr/local/lib/ruby/gems/1.8/gems/mongrel-1.1.4/lib/mongrel/configurator.rb:281:in `each'    /usr/local/lib/ruby/gems/1.8/gems/mongrel-1.1.4/lib/mongrel/configurator.rb:281:in `run'    /usr/local/lib/ruby/gems/1.8/gems/mongrel-1.1.4/bin/mongrel_rails:128:in `run'    /usr/local/lib/ruby/gems/1.8/gems/mongrel-1.1.4/lib/mongrel/command.rb:212:in `run'    /usr/local/lib/ruby/gems/1.8/gems/mongrel-1.1.4/bin/mongrel_rails:281    /vendor/rails/activesupport/lib/active_support/dependencies.rb:142:in `load_without_new_constant_marking'    /vendor/rails/activesupport/lib/active_support/dependencies.rb:142:in `load'    /vendor/rails/activesupport/lib/active_support/dependencies.rb:521:in `new_constants_in'    /vendor/rails/activesupport/lib/active_support/dependencies.rb:142:in `load'    /vendor/rails/railties/lib/commands/servers/mongrel.rb:64    /usr/local/lib/ruby/site_ruby/1.8/rubygems/custom_require.rb:31:in `gem_original_require'    /usr/local/lib/ruby/site_ruby/1.8/rubygems/custom_require.rb:31:in `require'    /vendor/rails/activesupport/lib/active_support/dependencies.rb:153:in `require'    /vendor/rails/activesupport/lib/active_support/dependencies.rb:521:in `new_constants_in'    /vendor/rails/activesupport/lib/active_support/dependencies.rb:153:in `require'    /vendor/rails/railties/lib/commands/server.rb:49    /usr/local/lib/ruby/site_ruby/1.8/rubygems/custom_require.rb:31:in `gem_original_require'    /usr/local/lib/ruby/site_ruby/1.8/rubygems/custom_require.rb:31:in `require'    script/server:3
Jun 18 11:31:36 derek rails[67783]: Rendering /Users/itsderek23/Projects/ibridge/vendor/rails/actionpack/lib/action_controller/templates/rescues/layout.erb (internal_server_error)
Jun 18 11:31:38 derek rails[67783]: Processing InnovationsController#innovation_param (for 127.0.0.1 at 2010-06-18 11:31:38) [GET]
Jun 18 11:31:38 derek rails[67783]: Session ID: 8abbd5bce47cfc8bd438c647f5a9e016
Jun 18 11:31:38 derek rails[67783]: Parameters: {"organization_param"=>"harvard", "innovation_param"=>"potent-ogt-inhibitors-for-the-treatment-of-cancer-and-diabeti"}
Jun 18 11:31:38 derek rails[67783]: ::: Checking session expiry
Jun 18 11:31:38 derek rails[67783]: ::: Session has not expired. Reinitialising.
Jun 18 11:31:38 derek rails[67783]: ::: Initializing session expiry. Expires at Fri Jul 02 11:31:38 -0700 2010
Jun 18 11:31:38 derek rails[67783]: SSL Required: false
Jun 18 11:31:39 derek rails[67783]: Rendering template within layouts/application
Jun 18 11:31:39 derek rails[67783]: Rendering innovations/show
Jun 18 11:31:40 derek rails[67783]: Memory usage: 714344 | PID: 67783
Jun 18 11:31:40 derek rails[67783]: Instantiation Breakdown: Total: 14 | Organization: 3 | Innovation: 3 | IpLookup: 2 | CGI::Session::ActiveRecordStore::Session: 2 | OrganizationInvite: 1 | User: 1 | Category: 1 | Quote: 1
Jun 18 11:31:40 derek rails[67783]: Completed in 1326ms (View: 528, DB: 847) | 200 OK [http://localhost/harvard/potent-ogt-inhibitors-for-the-treatment-of-cancer-and-diabeti]
Jun 18 11:31:40 derek rails[67783]: Processing InnovationsController#record_visit (for 127.0.0.1 at 2010-06-18 11:31:40) [POST]
Jun 18 11:31:40 derek rails[67783]: Session ID: 8abbd5bce47cfc8bd438c647f5a9e016
Jun 18 11:31:40 derek rails[67783]: Parameters: {"type"=>"detail", "id"=>"20908"}
Jun 18 11:31:40 derek rails[67783]: ::: Checking session expiry
Jun 18 11:31:40 derek rails[67783]: ::: Session has not expired. Reinitialising.
Jun 18 11:31:40 derek rails[67783]: ::: Initializing session expiry. Expires at Fri Jul 02 11:31:40 -0700 2010
Jun 18 11:31:40 derek rails[67783]: SSL Required: false
Jun 18 11:31:40 derek rails[67783]: Memory usage: 713984 | PID: 67783
Jun 18 11:31:40 derek rails[67783]: Instantiation Breakdown: Total: 5 | IpLookup: 1 | Innovation: 1 | Organization: 1 | CGI::Session::ActiveRecordStore::Session: 1 | Visit: 1
Jun 18 11:31:40 derek rails[67783]: Completed in 213ms (View: 0, DB: 164) | 200 OK [http://localhost/innovations/record_visit]
Jun 18 11:31:43 derek rails[67783]: Processing BrowseController#all_subjects (for 127.0.0.1 at 2010-06-18 11:31:43) [GET]
Jun 18 11:31:43 derek rails[67783]: Session ID: 8abbd5bce47cfc8bd438c647f5a9e016
Jun 18 11:31:43 derek rails[67783]: ::: Checking session expiry
Jun 18 11:31:43 derek rails[67783]: ::: Session has not expired. Reinitialising.
Jun 18 11:31:43 derek rails[67783]: ::: Initializing session expiry. Expires at Fri Jul 02 11:31:43 -0700 2010
Jun 18 11:31:43 derek rails[67783]: SSL Required: false
Jun 18 11:31:43 derek rails[67783]: Rendering template within layouts/application
Jun 18 11:31:43 derek rails[67783]: Rendering browse/all_subjects
Jun 18 11:31:44 derek rails[67783]: Memory usage: 721036 | PID: 67783
Jun 18 11:31:44 derek rails[67783]: Instantiation Breakdown: Total: 35 | Category: 32 | CGI::Session::ActiveRecordStore::Session: 1 | IpLookup: 1 | Quote: 1
Jun 18 11:31:44 derek rails[67783]: Completed in 443ms (View: 131, DB: 276) | 200 OK [http://localhost/browse/all_subjects]
